<?xml version="1.0" encoding="UTF-8"?>
<testng-results ignored="0" total="4" passed="4" failed="0" skipped="0">
  <reporter-output>
  </reporter-output>
  <suite started-at="2024-07-05T14:30:02 IST" name="Suite" finished-at="2024-07-05T14:30:57 IST" duration-ms="55595">
    <groups>
      <group name="Master">
        <method signature="TC02_LoginPageDataDriven.loginDataDriven(java.lang.String,java.lang.String,java.lang.String)[pri:0, instance:testCases.TC02_LoginPageDataDriven@5149d738]" name="loginDataDriven" class="testCases.TC02_LoginPageDataDriven"/>
      </group> <!-- Master -->
      <group name="DataDriven">
        <method signature="TC02_LoginPageDataDriven.loginDataDriven(java.lang.String,java.lang.String,java.lang.String)[pri:0, instance:testCases.TC02_LoginPageDataDriven@5149d738]" name="loginDataDriven" class="testCases.TC02_LoginPageDataDriven"/>
      </group> <!-- DataDriven -->
    </groups>
    <test started-at="2024-07-05T14:30:02 IST" name="Test" finished-at="2024-07-05T14:30:57 IST" duration-ms="55595">
      <class name="testCases.TC02_LoginPageDataDriven">
        <test-method is-config="true" signature="setup(java.lang.String,java.lang.String)[pri:0, instance:testCases.TC02_LoginPageDataDriven@5149d738]" started-at="2024-07-05T14:30:02 IST" name="setup" finished-at="2024-07-05T14:30:14 IST" duration-ms="12005" status="PASS">
          <params>
            <param index="0">
              <value>
                <![CDATA[Windows]]>
              </value>
            </param>
            <param index="1">
              <value>
                <![CDATA[chrome]]>
              </value>
            </param>
          </params>
          <reporter-output>
          </reporter-output>
        </test-method> <!-- setup -->
        <test-method signature="loginDataDriven(java.lang.String,java.lang.String,java.lang.String)[pri:0, instance:testCases.TC02_LoginPageDataDriven@5149d738]" started-at="2024-07-05T14:30:15 IST" name="loginDataDriven" data-provider="LoginData" finished-at="2024-07-05T14:30:25 IST" duration-ms="10462" status="PASS">
          <params>
            <param index="0">
              <value>
                <![CDATA[steven]]>
              </value>
            </param>
            <param index="1">
              <value>
                <![CDATA[shamji@12345]]>
              </value>
            </param>
            <param index="2">
              <value>
                <![CDATA[Invalid]]>
              </value>
            </param>
          </params>
          <reporter-output>
          </reporter-output>
        </test-method> <!-- loginDataDriven -->
        <test-method signature="loginDataDriven(java.lang.String,java.lang.String,java.lang.String)[pri:0, instance:testCases.TC02_LoginPageDataDriven@5149d738]" started-at="2024-07-05T14:30:25 IST" name="loginDataDriven" data-provider="LoginData" finished-at="2024-07-05T14:30:36 IST" duration-ms="10539" status="PASS">
          <params>
            <param index="0">
              <value>
                <![CDATA[steven]]>
              </value>
            </param>
            <param index="1">
              <value>
                <![CDATA[shamji@1234]]>
              </value>
            </param>
            <param index="2">
              <value>
                <![CDATA[Invalid]]>
              </value>
            </param>
          </params>
          <reporter-output>
          </reporter-output>
        </test-method> <!-- loginDataDriven -->
        <test-method signature="loginDataDriven(java.lang.String,java.lang.String,java.lang.String)[pri:0, instance:testCases.TC02_LoginPageDataDriven@5149d738]" started-at="2024-07-05T14:30:36 IST" name="loginDataDriven" data-provider="LoginData" finished-at="2024-07-05T14:30:46 IST" duration-ms="10440" status="PASS">
          <params>
            <param index="0">
              <value>
                <![CDATA[steven]]>
              </value>
            </param>
            <param index="1">
              <value>
                <![CDATA[shamji@123456]]>
              </value>
            </param>
            <param index="2">
              <value>
                <![CDATA[Invalid]]>
              </value>
            </param>
          </params>
          <reporter-output>
          </reporter-output>
        </test-method> <!-- loginDataDriven -->
        <test-method signature="loginDataDriven(java.lang.String,java.lang.String,java.lang.String)[pri:0, instance:testCases.TC02_LoginPageDataDriven@5149d738]" started-at="2024-07-05T14:30:46 IST" name="loginDataDriven" data-provider="LoginData" finished-at="2024-07-05T14:30:57 IST" duration-ms="10858" status="PASS">
          <params>
            <param index="0">
              <value>
                <![CDATA[steven]]>
              </value>
            </param>
            <param index="1">
              <value>
                <![CDATA[shamji@123]]>
              </value>
            </param>
            <param index="2">
              <value>
                <![CDATA[Valid]]>
              </value>
            </param>
          </params>
          <reporter-output>
          </reporter-output>
        </test-method> <!-- loginDataDriven -->
      </class> <!-- testCases.TC02_LoginPageDataDriven -->
    </test> <!-- Test -->
  </suite> <!-- Suite -->
</testng-results>
