<?xml version="1.0" encoding="UTF-8"?>
<!-- Generated by org.testng.reporters.JUnitXMLReporter -->
<testsuite ignored="0" hostname="D-Manchanda" failures="0" tests="4" name="Test" time="55.595" errors="0" timestamp="2024-07-05T14:30:58 IST">
  <testcase classname="testCases.TC02_LoginPageDataDriven" name="loginDataDriven" time="10.462"/>
  <testcase classname="testCases.TC02_LoginPageDataDriven" name="loginDataDriven" time="10.539"/>
  <testcase classname="testCases.TC02_LoginPageDataDriven" name="loginDataDriven" time="10.44"/>
  <testcase classname="testCases.TC02_LoginPageDataDriven" name="loginDataDriven" time="10.858"/>
</testsuite> <!-- Test -->
